<?xml version="1.0" encoding="UTF-8"?>
<testng-results ignored="0" total="1" passed="1" failed="0" skipped="0">
  <reporter-output>
    <line>
      <![CDATA[open browser]]>
    </line>
    <line>
      <![CDATA[login]]>
    </line>
    <line>
      <![CDATA[Customer name ieHDFC_001 successfully created]]>
    </line>
    <line>
      <![CDATA[logout]]>
    </line>
    <line>
      <![CDATA[closeBrowser]]>
    </line>
  </reporter-output>
  <suite started-at="2021-09-17T11:56:11 IST" name="Default suite" finished-at="2021-09-17T11:56:37 IST" duration-ms="25900">
    <groups>
    </groups>
    <test started-at="2021-09-17T11:56:11 IST" name="Default test" finished-at="2021-09-17T11:56:37 IST" duration-ms="25900">
      <class name="com.actitime.testscript.CustomerModule">
        <test-method is-config="true" signature="openBrowser()[pri:0, instance:com.actitime.testscript.CustomerModule@5562c41e]" started-at="2021-09-17T11:56:11 IST" name="openBrowser" finished-at="2021-09-17T11:56:13 IST" duration-ms="2151" status="PASS">
          <reporter-output>
            <line>
              <![CDATA[open browser]]>
            </line>
          </reporter-output>
        </test-method> <!-- openBrowser -->
        <test-method is-config="true" signature="login()[pri:0, instance:com.actitime.testscript.CustomerModule@5562c41e]" started-at="2021-09-17T11:56:13 IST" name="login" finished-at="2021-09-17T11:56:24 IST" duration-ms="10806" status="PASS">
          <reporter-output>
            <line>
              <![CDATA[login]]>
            </line>
          </reporter-output>
        </test-method> <!-- login -->
        <test-method signature="testCreateCustomer()[pri:0, instance:com.actitime.testscript.CustomerModule@5562c41e]" started-at="2021-09-17T11:56:24 IST" name="testCreateCustomer" finished-at="2021-09-17T11:56:34 IST" duration-ms="9726" status="PASS">
          <reporter-output>
            <line>
              <![CDATA[Customer name ieHDFC_001 successfully created]]>
            </line>
          </reporter-output>
        </test-method> <!-- testCreateCustomer -->
        <test-method is-config="true" signature="logout()[pri:0, instance:com.actitime.testscript.CustomerModule@5562c41e]" started-at="2021-09-17T11:56:34 IST" name="logout" finished-at="2021-09-17T11:56:37 IST" duration-ms="3034" status="PASS">
          <reporter-output>
            <line>
              <![CDATA[logout]]>
            </line>
          </reporter-output>
        </test-method> <!-- logout -->
        <test-method is-config="true" signature="closeBrowser()[pri:0, instance:com.actitime.testscript.CustomerModule@5562c41e]" started-at="2021-09-17T11:56:37 IST" name="closeBrowser" finished-at="2021-09-17T11:56:37 IST" duration-ms="103" status="PASS">
          <reporter-output>
            <line>
              <![CDATA[closeBrowser]]>
            </line>
          </reporter-output>
        </test-method> <!-- closeBrowser -->
      </class> <!-- com.actitime.testscript.CustomerModule -->
    </test> <!-- Default test -->
  </suite> <!-- Default suite -->
</testng-results>
